#-----------------------------------------------------------
# Vivado v2022.2 (64-bit)
# SW Build 3671981 on Fri Oct 14 05:00:03 MDT 2022
# IP Build 3669848 on Fri Oct 14 08:30:02 MDT 2022
# Start of session at: Sun Jun 23 15:37:39 2024
# Process ID: 23356
# Current directory: C:/Users/hatsu/final_10
# Command line: vivado.exe -gui_launcher_event rodinguilauncherevent3924 C:\Users\hatsu\final_10\final_10.xpr
# Log file: C:/Users/hatsu/final_10/vivado.log
# Journal file: C:/Users/hatsu/final_10\vivado.jou
# Running On: LAPTOP-PA7VPFHD, OS: Windows, CPU Frequency: 2419 MHz, CPU Physical cores: 4, Host memory: 8256 MB
#-----------------------------------------------------------
start_gui
open_project C:/Users/hatsu/final_10/final_10.xpr
WARNING: [Board 49-26] cannot add Board Part xilinx.com:kc705:part0:1.6 available at C:/Xilinx/Vivado/2022.2/data/xhub/boards/XilinxBoardStore/boards/Xilinx/kc705/1.6/board.xml as part xc7k325tffg900-2 specified in board_part file is either invalid or not available
WARNING: [Board 49-26] cannot add Board Part xilinx.com:kcu105:part0:1.6 available at C:/Xilinx/Vivado/2022.2/data/xhub/boards/XilinxBoardStore/boards/Xilinx/kcu105/1.6/board.xml as part xcku040-ffva1156-2-e specified in board_part file is either invalid or not available
WARNING: [Board 49-26] cannot add Board Part xilinx.com:kcu105:part0:1.7 available at C:/Xilinx/Vivado/2022.2/data/xhub/boards/XilinxBoardStore/boards/Xilinx/kcu105/1.7/board.xml as part xcku040-ffva1156-2-e specified in board_part file is either invalid or not available
WARNING: [Board 49-26] cannot add Board Part xilinx.com:kcu1500:part0:1.2 available at C:/Xilinx/Vivado/2022.2/data/xhub/boards/XilinxBoardStore/boards/Xilinx/kcu1500/1.2/board.xml as part xcku115-flvb2104-2-e specified in board_part file is either invalid or not available
WARNING: [Board 49-26] cannot add Board Part xilinx.com:vc707:part0:1.4 available at C:/Xilinx/Vivado/2022.2/data/xhub/boards/XilinxBoardStore/boards/Xilinx/vc707/1.4/board.xml as part xc7vx485tffg1761-2 specified in board_part file is either invalid or not available
WARNING: [Board 49-26] cannot add Board Part xilinx.com:vc709:part0:1.8 available at C:/Xilinx/Vivado/2022.2/data/xhub/boards/XilinxBoardStore/boards/Xilinx/vc709/1.8/board.xml as part xc7vx690tffg1761-2 specified in board_part file is either invalid or not available
WARNING: [Board 49-26] cannot add Board Part xilinx.com:vck190:part0:2.2 available at C:/Xilinx/Vivado/2022.2/data/xhub/boards/XilinxBoardStore/boards/Xilinx/vck190/production/2.2/board.xml as part xcvc1902-vsva2197-2mp-e-s specified in board_part file is either invalid or not available
WARNING: [Board 49-26] cannot add Board Part xilinx.com:vck190:part0:3.0 available at C:/Xilinx/Vivado/2022.2/data/xhub/boards/XilinxBoardStore/boards/Xilinx/vck190/production/3.0/board.xml as part xcvc1902-vsva2197-2mp-e-s specified in board_part file is either invalid or not available
WARNING: [Board 49-26] cannot add Board Part xilinx.com:vck190:part0:3.1 available at C:/Xilinx/Vivado/2022.2/data/xhub/boards/XilinxBoardStore/boards/Xilinx/vck190/production/3.1/board.xml as part xcvc1902-vsva2197-2mp-e-s specified in board_part file is either invalid or not available
WARNING: [Board 49-26] cannot add Board Part xilinx.com:vck190_newl:part0:1.0 available at C:/Xilinx/Vivado/2022.2/data/xhub/boards/XilinxBoardStore/boards/Xilinx/vck190_newl/production/1.0/board.xml as part xcvc1902-vsva2197-2mp-e-s specified in board_part file is either invalid or not available
WARNING: [Board 49-26] cannot add Board Part xilinx.com:vcu108:part0:1.6 available at C:/Xilinx/Vivado/2022.2/data/xhub/boards/XilinxBoardStore/boards/Xilinx/vcu108/1.6/board.xml as part xcvu095-ffva2104-2-e specified in board_part file is either invalid or not available
WARNING: [Board 49-26] cannot add Board Part xilinx.com:vcu108:part0:1.7 available at C:/Xilinx/Vivado/2022.2/data/xhub/boards/XilinxBoardStore/boards/Xilinx/vcu108/1.7/board.xml as part xcvu095-ffva2104-2-e specified in board_part file is either invalid or not available
WARNING: [Board 49-26] cannot add Board Part xilinx.com:vcu110:part0:1.4 available at C:/Xilinx/Vivado/2022.2/data/xhub/boards/XilinxBoardStore/boards/Xilinx/vcu110/1.4/board.xml as part xcvu190-flgc2104-2-e specified in board_part file is either invalid or not available
WARNING: [Board 49-26] cannot add Board Part xilinx.com:vcu118:part0:2.0 available at C:/Xilinx/Vivado/2022.2/data/xhub/boards/XilinxBoardStore/boards/Xilinx/vcu118/2.0/board.xml as part xcvu9p-flga2104-2l-e specified in board_part file is either invalid or not available
WARNING: [Board 49-26] cannot add Board Part xilinx.com:vcu118:part0:2.3 available at C:/Xilinx/Vivado/2022.2/data/xhub/boards/XilinxBoardStore/boards/Xilinx/vcu118/2.3/board.xml as part xcvu9p-flga2104-2l-e specified in board_part file is either invalid or not available
WARNING: [Board 49-26] cannot add Board Part xilinx.com:vcu118:part0:2.4 available at C:/Xilinx/Vivado/2022.2/data/xhub/boards/XilinxBoardStore/boards/Xilinx/vcu118/2.4/board.xml as part xcvu9p-flga2104-2l-e specified in board_part file is either invalid or not available
WARNING: [Board 49-26] cannot add Board Part xilinx.com:vcu128:part0:1.0 available at C:/Xilinx/Vivado/2022.2/data/xhub/boards/XilinxBoardStore/boards/Xilinx/vcu128/production/1.0/board.xml as part xcvu37p-fsvh2892-2l-e specified in board_part file is either invalid or not available
WARNING: [Board 49-26] cannot add Board Part xilinx.com:vcu129:part0:1.0 available at C:/Xilinx/Vivado/2022.2/data/xhub/boards/XilinxBoardStore/boards/Xilinx/vcu129/production/1.0/board.xml as part xcvu29p-fsga2577-2l-e specified in board_part file is either invalid or not available
WARNING: [Board 49-26] cannot add Board Part xilinx.com:vcu1525:part0:1.3 available at C:/Xilinx/Vivado/2022.2/data/xhub/boards/XilinxBoardStore/boards/Xilinx/vcu1525/1.3/board.xml as part xcvu9p-fsgd2104-2l-e specified in board_part file is either invalid or not available
WARNING: [Board 49-26] cannot add Board Part xilinx.com:vek280_es:part0:1.0 available at C:/Xilinx/Vivado/2022.2/data/xhub/boards/XilinxBoardStore/boards/Xilinx/vek280/es/1.0/board.xml as part xcve2802-vsvh1760-2lp-e-s-es1 specified in board_part file is either invalid or not available
WARNING: [Board 49-26] cannot add Board Part xilinx.com:vermeo_t1_mpsoc:part0:1.0 available at C:/Xilinx/Vivado/2022.2/data/xhub/boards/XilinxBoardStore/boards/Xilinx/vermeo_t1_mpsoc/1.0/board.xml as part xczu19eg-ffvd1760-2l-e specified in board_part file is either invalid or not available
WARNING: [Board 49-26] cannot add Board Part xilinx.com:vermeo_t1_rfsoc:part0:1.0 available at C:/Xilinx/Vivado/2022.2/data/xhub/boards/XilinxBoardStore/boards/Xilinx/vermeo_t1_rfsoc/1.0/board.xml as part xczu21dr-ffvd1156-2l-e specified in board_part file is either invalid or not available
WARNING: [Board 49-26] cannot add Board Part xilinx.com:vhk158_es:part0:1.0 available at C:/Xilinx/Vivado/2022.2/data/xhub/boards/XilinxBoardStore/boards/Xilinx/vhk158/es/1.0/board.xml as part xcvh1582-vsva3697-2mp-e-s-es1 specified in board_part file is either invalid or not available
WARNING: [Board 49-26] cannot add Board Part xilinx.com:vmk180:part0:2.2 available at C:/Xilinx/Vivado/2022.2/data/xhub/boards/XilinxBoardStore/boards/Xilinx/vmk180/production/2.2/board.xml as part xcvm1802-vsva2197-2mp-e-s specified in board_part file is either invalid or not available
WARNING: [Board 49-26] cannot add Board Part xilinx.com:vmk180:part0:3.0 available at C:/Xilinx/Vivado/2022.2/data/xhub/boards/XilinxBoardStore/boards/Xilinx/vmk180/production/3.0/board.xml as part xcvm1802-vsva2197-2mp-e-s specified in board_part file is either invalid or not available
WARNING: [Board 49-26] cannot add Board Part xilinx.com:vmk180:part0:3.1 available at C:/Xilinx/Vivado/2022.2/data/xhub/boards/XilinxBoardStore/boards/Xilinx/vmk180/production/3.1/board.xml as part xcvm1802-vsva2197-2mp-e-s specified in board_part file is either invalid or not available
WARNING: [Board 49-26] cannot add Board Part xilinx.com:vmk180_newl:part0:1.0 available at C:/Xilinx/Vivado/2022.2/data/xhub/boards/XilinxBoardStore/boards/Xilinx/vmk180_newl/production/1.0/board.xml as part xcvm1802-vsva2197-2mp-e-s specified in board_part file is either invalid or not available
WARNING: [Board 49-26] cannot add Board Part xilinx.com:vpk120:part0:1.0 available at C:/Xilinx/Vivado/2022.2/data/xhub/boards/XilinxBoardStore/boards/Xilinx/vpk120/production/1.0/board.xml as part xcvp1202-vsva2785-2mp-e-s specified in board_part file is either invalid or not available
WARNING: [Board 49-26] cannot add Board Part xilinx.com:vpk120_es:part0:1.2 available at C:/Xilinx/Vivado/2022.2/data/xhub/boards/XilinxBoardStore/boards/Xilinx/vpk120/es/1.2/board.xml as part xcvp1202-vsva2785-2mp-e-s-es1 specified in board_part file is either invalid or not available
WARNING: [Board 49-26] cannot add Board Part xilinx.com:vpk120_es_revb:part0:1.0 available at C:/Xilinx/Vivado/2022.2/data/xhub/boards/XilinxBoardStore/boards/Xilinx/vpk120_revb/es/1.0/board.xml as part xcvp1202-vsva2785-2mp-e-s-es1 specified in board_part file is either invalid or not available
WARNING: [Board 49-26] cannot add Board Part xilinx.com:vpk180_es:part0:1.0 available at C:/Xilinx/Vivado/2022.2/data/xhub/boards/XilinxBoardStore/boards/Xilinx/vpk180/es/1.0/board.xml as part xcvp1802-lsvc4072-2mp-e-s-es1 specified in board_part file is either invalid or not available
WARNING: [Board 49-26] cannot add Board Part xilinx.com:zc706:part0:1.4 available at C:/Xilinx/Vivado/2022.2/data/xhub/boards/XilinxBoardStore/boards/Xilinx/zc706/1.4/board.xml as part xc7z045ffg900-2 specified in board_part file is either invalid or not available
WARNING: [Board 49-26] cannot add Board Part xilinx.com:zcu102:part0:3.3 available at C:/Xilinx/Vivado/2022.2/data/xhub/boards/XilinxBoardStore/boards/Xilinx/zcu102/3.3/board.xml as part xczu9eg-ffvb1156-2-e specified in board_part file is either invalid or not available
WARNING: [Board 49-26] cannot add Board Part xilinx.com:zcu102:part0:3.4 available at C:/Xilinx/Vivado/2022.2/data/xhub/boards/XilinxBoardStore/boards/Xilinx/zcu102/3.4/board.xml as part xczu9eg-ffvb1156-2-e specified in board_part file is either invalid or not available
WARNING: [Board 49-26] cannot add Board Part xilinx.com:zcu111:part0:1.2 available at C:/Xilinx/Vivado/2022.2/data/xhub/boards/XilinxBoardStore/boards/Xilinx/zcu111/1.2/board.xml as part xczu28dr-ffvg1517-2-e specified in board_part file is either invalid or not available
WARNING: [Board 49-26] cannot add Board Part xilinx.com:zcu111:part0:1.3 available at C:/Xilinx/Vivado/2022.2/data/xhub/boards/XilinxBoardStore/boards/Xilinx/zcu111/1.3/board.xml as part xczu28dr-ffvg1517-2-e specified in board_part file is either invalid or not available
WARNING: [Board 49-26] cannot add Board Part xilinx.com:zcu111:part0:1.4 available at C:/Xilinx/Vivado/2022.2/data/xhub/boards/XilinxBoardStore/boards/Xilinx/zcu111/1.4/board.xml as part xczu28dr-ffvg1517-2-e specified in board_part file is either invalid or not available
WARNING: [Board 49-26] cannot add Board Part xilinx.com:zcu1275:part0:1.0 available at C:/Xilinx/Vivado/2022.2/data/xhub/boards/XilinxBoardStore/boards/Xilinx/zcu1275/1.0/board.xml as part xczu29dr-ffvf1760-2-e specified in board_part file is either invalid or not available
WARNING: [Board 49-26] cannot add Board Part xilinx.com:zcu1285:part0:1.0 available at C:/Xilinx/Vivado/2022.2/data/xhub/boards/XilinxBoardStore/boards/Xilinx/zcu1285/1.0/board.xml as part xczu39dr-ffvf1760-2-i specified in board_part file is either invalid or not available
WARNING: [Board 49-26] cannot add Board Part xilinx.com:zcu208:part0:2.0 available at C:/Xilinx/Vivado/2022.2/data/xhub/boards/XilinxBoardStore/boards/Xilinx/zcu208/production/2.0/board.xml as part xczu48dr-fsvg1517-2-e specified in board_part file is either invalid or not available
WARNING: [Board 49-26] cannot add Board Part xilinx.com:zcu208ld:part0:2.0 available at C:/Xilinx/Vivado/2022.2/data/xhub/boards/XilinxBoardStore/boards/Xilinx/zcu208ld/production/2.0/board.xml as part xczu58dr-fsvg1517-2-i specified in board_part file is either invalid or not available
WARNING: [Board 49-26] cannot add Board Part xilinx.com:zcu216:part0:2.0 available at C:/Xilinx/Vivado/2022.2/data/xhub/boards/XilinxBoardStore/boards/Xilinx/zcu216/production/2.0/board.xml as part xczu49dr-ffvf1760-2-e specified in board_part file is either invalid or not available
WARNING: [Board 49-26] cannot add Board Part xilinx.com:zcu216ld:part0:2.0 available at C:/Xilinx/Vivado/2022.2/data/xhub/boards/XilinxBoardStore/boards/Xilinx/zcu216ld/production/2.0/board.xml as part xczu59dr-ffvf1760-2-i specified in board_part file is either invalid or not available
WARNING: [Board 49-26] cannot add Board Part xilinx.com:zcu670:part0:2.0 available at C:/Xilinx/Vivado/2022.2/data/xhub/boards/XilinxBoardStore/boards/Xilinx/zcu670/2.0/board.xml as part xczu67dr-fsve1156-2-i specified in board_part file is either invalid or not available
WARNING: [Board 49-26] cannot add Board Part xilinx.com:zcu670ld:part0:1.0 available at C:/Xilinx/Vivado/2022.2/data/xhub/boards/XilinxBoardStore/boards/Xilinx/zcu670ld/1.0/board.xml as part xczu57dr-fsve1156-2-i specified in board_part file is either invalid or not available
INFO: [filemgmt 56-3] Default IP Output Path : Could not find the directory 'C:/Users/hatsu/final_10/final_10.gen/sources_1'.
Scanning sources...
Finished scanning sources
INFO: [IP_Flow 19-234] Refreshing IP repositories
INFO: [IP_Flow 19-1704] No user IP repositories specified
INFO: [IP_Flow 19-2313] Loaded Vivado IP repository 'C:/Xilinx/Vivado/2022.2/data/ip'.
open_project: Time (s): cpu = 00:00:25 ; elapsed = 00:00:11 . Memory (MB): peak = 1145.746 ; gain = 250.711
update_compile_order -fileset sources_1
reset_run synth_1
INFO: [Project 1-1161] Replacing file C:/Users/hatsu/final_10/final_10.srcs/utils_1/imports/synth_1/final.dcp with file C:/Users/hatsu/final_10/final_10.runs/synth_1/final.dcp
launch_runs synth_1 -jobs 4
[Sun Jun 23 15:39:39 2024] Launched synth_1...
Run output will be captured here: C:/Users/hatsu/final_10/final_10.runs/synth_1/runme.log
reset_run synth_1
WARNING: [Vivado 12-1017] Problems encountered:
1. Failed to delete one or more files in run directory C:/Users/hatsu/final_10/final_10.runs/synth_1

launch_runs synth_1 -jobs 4
[Sun Jun 23 15:40:22 2024] Launched synth_1...
Run output will be captured here: C:/Users/hatsu/final_10/final_10.runs/synth_1/runme.log
launch_runs impl_1 -jobs 4
[Sun Jun 23 15:41:24 2024] Launched impl_1...
Run output will be captured here: C:/Users/hatsu/final_10/final_10.runs/impl_1/runme.log
launch_runs impl_1 -to_step write_bitstream -jobs 4
[Sun Jun 23 15:43:23 2024] Launched impl_1...
Run output will be captured here: C:/Users/hatsu/final_10/final_10.runs/impl_1/runme.log
open_hw_manager
INFO: [Labtools 27-2285] Connecting to hw_server url TCP:localhost:3121
INFO: [Labtools 27-2222] Launching hw_server...
INFO: [Labtools 27-2221] Launch Output:

****** Xilinx hw_server v2022.2
  **** Build date : Oct 14 2022 at 05:18:10
    ** Copyright 1986-2022 Xilinx, Inc. All Rights Reserved.


INFO: [Labtools 27-3415] Connecting to cs_server url TCP:localhost:0
INFO: [Labtools 27-3417] Launching cs_server...
INFO: [Labtools 27-2221] Launch Output:


******** Xilinx cs_server v2022.2.0
  ****** Build date   : Oct 05 2022-07:25:37
    **** Build number : 2022.2.1664925937
      ** Copyright 2017-2024 Xilinx, Inc. All Rights Reserved.



connect_hw_server: Time (s): cpu = 00:00:01 ; elapsed = 00:00:07 . Memory (MB): peak = 1174.969 ; gain = 6.637
disconnect_hw_server: Time (s): cpu = 00:00:08 ; elapsed = 00:00:08 . Memory (MB): peak = 3339.074 ; gain = 2163.504
connect_hw_server -url localhost:3121 -allow_non_jtag
INFO: [Labtools 27-2285] Connecting to hw_server url TCP:localhost:3121
INFO: [Labtools 27-3415] Connecting to cs_server url TCP:localhost:0
INFO: [Labtools 27-3417] Launching cs_server...
INFO: [Labtools 27-2221] Launch Output:


******** Xilinx cs_server v2022.2.0
  ****** Build date   : Oct 05 2022-07:25:37
    **** Build number : 2022.2.1664925937
      ** Copyright 2017-2024 Xilinx, Inc. All Rights Reserved.



current_hw_target [get_hw_targets */xilinx_tcf/Xilinx/1234-tulA]
set_property PARAM.FREQUENCY 15000000 [get_hw_targets */xilinx_tcf/Xilinx/1234-tulA]
open_hw_target
INFO: [Labtoolstcl 44-466] Opening hw_target localhost:3121/xilinx_tcf/Xilinx/1234-tulA
set_property PROGRAM.FILE {C:/Users/hatsu/final_10/final_10.runs/impl_1/dodge_game.bit} [get_hw_devices xc7z020_1]
current_hw_device [get_hw_devices xc7z020_1]
refresh_hw_device -update_hw_probes false [lindex [get_hw_devices xc7z020_1] 0]
INFO: [Labtools 27-1435] Device xc7z020 (JTAG device index = 1) is not programmed (DONE status = 0).
set_property PROBES.FILE {} [get_hw_devices xc7z020_1]
set_property FULL_PROBES.FILE {} [get_hw_devices xc7z020_1]
set_property PROGRAM.FILE {C:/Users/hatsu/final_10/final_10.runs/impl_1/dodge_game.bit} [get_hw_devices xc7z020_1]
program_hw_devices [get_hw_devices xc7z020_1]
INFO: [Labtools 27-3164] End of startup status: HIGH
refresh_hw_device [lindex [get_hw_devices xc7z020_1] 0]
INFO: [Labtools 27-1434] Device xc7z020 (JTAG device index = 1) is programmed with a design that has no supported debug core(s) in it.
reset_run synth_1
INFO: [Project 1-1161] Replacing file C:/Users/hatsu/final_10/final_10.srcs/utils_1/imports/synth_1/final.dcp with file C:/Users/hatsu/final_10/final_10.runs/synth_1/dodge_game.dcp
WARNING: [Vivado 12-1017] Problems encountered:
1. Failed to delete one or more files in run directory C:/Users/hatsu/final_10/final_10.runs/synth_1

launch_runs synth_1 -jobs 4
[Sun Jun 23 15:58:04 2024] Launched synth_1...
Run output will be captured here: C:/Users/hatsu/final_10/final_10.runs/synth_1/runme.log
launch_runs impl_1 -jobs 4
[Sun Jun 23 15:58:50 2024] Launched impl_1...
Run output will be captured here: C:/Users/hatsu/final_10/final_10.runs/impl_1/runme.log
launch_runs impl_1 -to_step write_bitstream -jobs 4
[Sun Jun 23 16:00:22 2024] Launched impl_1...
Run output will be captured here: C:/Users/hatsu/final_10/final_10.runs/impl_1/runme.log
set_property PROBES.FILE {} [get_hw_devices xc7z020_1]
set_property FULL_PROBES.FILE {} [get_hw_devices xc7z020_1]
set_property PROGRAM.FILE {C:/Users/hatsu/final_10/final_10.runs/impl_1/dodge_game.bit} [get_hw_devices xc7z020_1]
program_hw_devices [get_hw_devices xc7z020_1]
INFO: [Labtools 27-3164] End of startup status: HIGH
refresh_hw_device [lindex [get_hw_devices xc7z020_1] 0]
INFO: [Labtools 27-1434] Device xc7z020 (JTAG device index = 1) is programmed with a design that has no supported debug core(s) in it.
reset_run synth_1
INFO: [Project 1-1161] Replacing file C:/Users/hatsu/final_10/final_10.srcs/utils_1/imports/synth_1/final.dcp with file C:/Users/hatsu/final_10/final_10.runs/synth_1/dodge_game.dcp
WARNING: [Vivado 12-1017] Problems encountered:
1. Failed to delete one or more files in run directory C:/Users/hatsu/final_10/final_10.runs/synth_1

launch_runs synth_1 -jobs 8
[Sun Jun 23 16:12:37 2024] Launched synth_1...
Run output will be captured here: C:/Users/hatsu/final_10/final_10.runs/synth_1/runme.log
launch_runs impl_1 -jobs 8
[Sun Jun 23 16:13:39 2024] Launched impl_1...
Run output will be captured here: C:/Users/hatsu/final_10/final_10.runs/impl_1/runme.log
launch_runs impl_1 -to_step write_bitstream -jobs 8
[Sun Jun 23 16:14:47 2024] Launched impl_1...
Run output will be captured here: C:/Users/hatsu/final_10/final_10.runs/impl_1/runme.log
set_property PROBES.FILE {} [get_hw_devices xc7z020_1]
set_property FULL_PROBES.FILE {} [get_hw_devices xc7z020_1]
set_property PROGRAM.FILE {C:/Users/hatsu/final_10/final_10.runs/impl_1/dodge_game.bit} [get_hw_devices xc7z020_1]
program_hw_devices [get_hw_devices xc7z020_1]
INFO: [Labtools 27-3164] End of startup status: HIGH
refresh_hw_device [lindex [get_hw_devices xc7z020_1] 0]
INFO: [Labtools 27-1434] Device xc7z020 (JTAG device index = 1) is programmed with a design that has no supported debug core(s) in it.
ERROR: [Labtoolstcl 44-513] HW Target shutdown. Closing target: localhost:3121/xilinx_tcf/Xilinx/1234-tulA
INFO: [Labtoolstcl 44-466] Opening hw_target localhost:3121/xilinx_tcf/Xilinx/1234-tulA
WARNING: [Labtoolstcl 44-129] No matching hw_ila_data was found.
INFO: [Labtools 27-1435] Device xc7z020 (JTAG device index = 1) is not programmed (DONE status = 0).
WARNING: [Labtoolstcl 44-129] No matching hw_ila_data was found.
reset_run synth_1
INFO: [Project 1-1161] Replacing file C:/Users/hatsu/final_10/final_10.srcs/utils_1/imports/synth_1/final.dcp with file C:/Users/hatsu/final_10/final_10.runs/synth_1/dodge_game.dcp
WARNING: [Vivado 12-1017] Problems encountered:
1. Failed to delete one or more files in run directory C:/Users/hatsu/final_10/final_10.runs/synth_1

launch_runs synth_1 -jobs 8
[Sun Jun 23 16:21:40 2024] Launched synth_1...
Run output will be captured here: C:/Users/hatsu/final_10/final_10.runs/synth_1/runme.log
launch_runs impl_1 -jobs 8
[Sun Jun 23 16:22:30 2024] Launched impl_1...
Run output will be captured here: C:/Users/hatsu/final_10/final_10.runs/impl_1/runme.log
launch_runs impl_1 -to_step write_bitstream -jobs 8
[Sun Jun 23 16:23:36 2024] Launched impl_1...
Run output will be captured here: C:/Users/hatsu/final_10/final_10.runs/impl_1/runme.log
set_property PROBES.FILE {} [get_hw_devices xc7z020_1]
set_property FULL_PROBES.FILE {} [get_hw_devices xc7z020_1]
set_property PROGRAM.FILE {C:/Users/hatsu/final_10/final_10.runs/impl_1/dodge_game.bit} [get_hw_devices xc7z020_1]
program_hw_devices [get_hw_devices xc7z020_1]
INFO: [Labtools 27-3164] End of startup status: HIGH
refresh_hw_device [lindex [get_hw_devices xc7z020_1] 0]
INFO: [Labtools 27-1434] Device xc7z020 (JTAG device index = 1) is programmed with a design that has no supported debug core(s) in it.
reset_run synth_1
INFO: [Project 1-1161] Replacing file C:/Users/hatsu/final_10/final_10.srcs/utils_1/imports/synth_1/final.dcp with file C:/Users/hatsu/final_10/final_10.runs/synth_1/dodge_game.dcp
WARNING: [Vivado 12-1017] Problems encountered:
1. Failed to delete one or more files in run directory C:/Users/hatsu/final_10/final_10.runs/synth_1

launch_runs synth_1 -jobs 8
[Sun Jun 23 16:25:29 2024] Launched synth_1...
Run output will be captured here: C:/Users/hatsu/final_10/final_10.runs/synth_1/runme.log
ERROR: [Labtoolstcl 44-513] HW Target shutdown. Closing target: localhost:3121/xilinx_tcf/Xilinx/1234-tulA
INFO: [Labtoolstcl 44-466] Opening hw_target localhost:3121/xilinx_tcf/Xilinx/1234-tulA
WARNING: [Labtoolstcl 44-129] No matching hw_ila_data was found.
INFO: [Labtools 27-1435] Device xc7z020 (JTAG device index = 1) is not programmed (DONE status = 0).
WARNING: [Labtoolstcl 44-129] No matching hw_ila_data was found.
reset_run synth_1
WARNING: [Vivado 12-1017] Problems encountered:
1. Failed to delete one or more files in run directory C:/Users/hatsu/final_10/final_10.runs/synth_1

launch_runs synth_1 -jobs 8
[Sun Jun 23 16:26:11 2024] Launched synth_1...
Run output will be captured here: C:/Users/hatsu/final_10/final_10.runs/synth_1/runme.log
launch_runs impl_1 -jobs 8
[Sun Jun 23 16:27:15 2024] Launched impl_1...
Run output will be captured here: C:/Users/hatsu/final_10/final_10.runs/impl_1/runme.log
ERROR: [Labtoolstcl 44-513] HW Target shutdown. Closing target: localhost:3121/xilinx_tcf/Xilinx/1234-tulA
INFO: [Labtoolstcl 44-466] Opening hw_target localhost:3121/xilinx_tcf/Xilinx/1234-tulA
WARNING: [Labtoolstcl 44-129] No matching hw_ila_data was found.
INFO: [Labtools 27-1435] Device xc7z020 (JTAG device index = 1) is not programmed (DONE status = 0).
WARNING: [Labtoolstcl 44-129] No matching hw_ila_data was found.
launch_runs impl_1 -to_step write_bitstream -jobs 8
[Sun Jun 23 16:28:28 2024] Launched impl_1...
Run output will be captured here: C:/Users/hatsu/final_10/final_10.runs/impl_1/runme.log
ERROR: [Labtoolstcl 44-513] HW Target shutdown. Closing target: localhost:3121/xilinx_tcf/Xilinx/1234-tulA
INFO: [Labtoolstcl 44-466] Opening hw_target localhost:3121/xilinx_tcf/Xilinx/1234-tulA
WARNING: [Labtoolstcl 44-129] No matching hw_ila_data was found.
INFO: [Labtools 27-1435] Device xc7z020 (JTAG device index = 1) is not programmed (DONE status = 0).
WARNING: [Labtoolstcl 44-129] No matching hw_ila_data was found.
set_property PROBES.FILE {} [get_hw_devices xc7z020_1]
set_property FULL_PROBES.FILE {} [get_hw_devices xc7z020_1]
set_property PROGRAM.FILE {C:/Users/hatsu/final_10/final_10.runs/impl_1/dodge_game.bit} [get_hw_devices xc7z020_1]
program_hw_devices [get_hw_devices xc7z020_1]
INFO: [Labtools 27-3164] End of startup status: HIGH
refresh_hw_device [lindex [get_hw_devices xc7z020_1] 0]
INFO: [Labtools 27-1434] Device xc7z020 (JTAG device index = 1) is programmed with a design that has no supported debug core(s) in it.
reset_run synth_1
INFO: [Project 1-1161] Replacing file C:/Users/hatsu/final_10/final_10.srcs/utils_1/imports/synth_1/final.dcp with file C:/Users/hatsu/final_10/final_10.runs/synth_1/dodge_game.dcp
WARNING: [Vivado 12-1017] Problems encountered:
1. Failed to delete one or more files in run directory C:/Users/hatsu/final_10/final_10.runs/synth_1

launch_runs synth_1 -jobs 8
[Sun Jun 23 16:32:39 2024] Launched synth_1...
Run output will be captured here: C:/Users/hatsu/final_10/final_10.runs/synth_1/runme.log
launch_runs impl_1 -jobs 8
[Sun Jun 23 16:33:38 2024] Launched impl_1...
Run output will be captured here: C:/Users/hatsu/final_10/final_10.runs/impl_1/runme.log
launch_runs impl_1 -to_step write_bitstream -jobs 8
[Sun Jun 23 16:34:48 2024] Launched impl_1...
Run output will be captured here: C:/Users/hatsu/final_10/final_10.runs/impl_1/runme.log
set_property PROBES.FILE {} [get_hw_devices xc7z020_1]
set_property FULL_PROBES.FILE {} [get_hw_devices xc7z020_1]
set_property PROGRAM.FILE {C:/Users/hatsu/final_10/final_10.runs/impl_1/dodge_game.bit} [get_hw_devices xc7z020_1]
program_hw_devices [get_hw_devices xc7z020_1]
INFO: [Labtools 27-3164] End of startup status: HIGH
refresh_hw_device [lindex [get_hw_devices xc7z020_1] 0]
INFO: [Labtools 27-1434] Device xc7z020 (JTAG device index = 1) is programmed with a design that has no supported debug core(s) in it.
WARNING: [Labtoolstcl 44-129] No matching hw_ila_data was found.
set_property PROBES.FILE {} [get_hw_devices xc7z020_1]
set_property FULL_PROBES.FILE {} [get_hw_devices xc7z020_1]
set_property PROGRAM.FILE {C:/Users/hatsu/final_10/final_10.runs/impl_1/dodge_game.bit} [get_hw_devices xc7z020_1]
program_hw_devices [get_hw_devices xc7z020_1]
INFO: [Labtools 27-3164] End of startup status: HIGH
refresh_hw_device [lindex [get_hw_devices xc7z020_1] 0]
INFO: [Labtools 27-1434] Device xc7z020 (JTAG device index = 1) is programmed with a design that has no supported debug core(s) in it.
reset_run synth_1
INFO: [Project 1-1161] Replacing file C:/Users/hatsu/final_10/final_10.srcs/utils_1/imports/synth_1/final.dcp with file C:/Users/hatsu/final_10/final_10.runs/synth_1/dodge_game.dcp
WARNING: [Vivado 12-1017] Problems encountered:
1. Failed to delete one or more files in run directory C:/Users/hatsu/final_10/final_10.runs/synth_1

launch_runs synth_1 -jobs 8
[Sun Jun 23 16:44:06 2024] Launched synth_1...
Run output will be captured here: C:/Users/hatsu/final_10/final_10.runs/synth_1/runme.log
launch_runs impl_1 -jobs 8
[Sun Jun 23 16:44:56 2024] Launched impl_1...
Run output will be captured here: C:/Users/hatsu/final_10/final_10.runs/impl_1/runme.log
launch_runs impl_1 -to_step write_bitstream -jobs 8
[Sun Jun 23 16:46:04 2024] Launched impl_1...
Run output will be captured here: C:/Users/hatsu/final_10/final_10.runs/impl_1/runme.log
set_property PROBES.FILE {} [get_hw_devices xc7z020_1]
set_property FULL_PROBES.FILE {} [get_hw_devices xc7z020_1]
set_property PROGRAM.FILE {C:/Users/hatsu/final_10/final_10.runs/impl_1/dodge_game.bit} [get_hw_devices xc7z020_1]
program_hw_devices [get_hw_devices xc7z020_1]
INFO: [Labtools 27-3164] End of startup status: HIGH
refresh_hw_device [lindex [get_hw_devices xc7z020_1] 0]
INFO: [Labtools 27-1434] Device xc7z020 (JTAG device index = 1) is programmed with a design that has no supported debug core(s) in it.
reset_run synth_1
INFO: [Project 1-1161] Replacing file C:/Users/hatsu/final_10/final_10.srcs/utils_1/imports/synth_1/final.dcp with file C:/Users/hatsu/final_10/final_10.runs/synth_1/dodge_game.dcp
WARNING: [Vivado 12-1017] Problems encountered:
1. Failed to delete one or more files in run directory C:/Users/hatsu/final_10/final_10.runs/synth_1

launch_runs synth_1 -jobs 8
[Sun Jun 23 16:53:32 2024] Launched synth_1...
Run output will be captured here: C:/Users/hatsu/final_10/final_10.runs/synth_1/runme.log
launch_runs impl_1 -jobs 8
[Sun Jun 23 16:54:37 2024] Launched impl_1...
Run output will be captured here: C:/Users/hatsu/final_10/final_10.runs/impl_1/runme.log
launch_runs impl_1 -to_step write_bitstream -jobs 8
[Sun Jun 23 16:55:52 2024] Launched impl_1...
Run output will be captured here: C:/Users/hatsu/final_10/final_10.runs/impl_1/runme.log
set_property PROBES.FILE {} [get_hw_devices xc7z020_1]
set_property FULL_PROBES.FILE {} [get_hw_devices xc7z020_1]
set_property PROGRAM.FILE {C:/Users/hatsu/final_10/final_10.runs/impl_1/dodge_game.bit} [get_hw_devices xc7z020_1]
program_hw_devices [get_hw_devices xc7z020_1]
INFO: [Labtools 27-3164] End of startup status: HIGH
refresh_hw_device [lindex [get_hw_devices xc7z020_1] 0]
INFO: [Labtools 27-1434] Device xc7z020 (JTAG device index = 1) is programmed with a design that has no supported debug core(s) in it.
reset_run synth_1
INFO: [Project 1-1161] Replacing file C:/Users/hatsu/final_10/final_10.srcs/utils_1/imports/synth_1/final.dcp with file C:/Users/hatsu/final_10/final_10.runs/synth_1/dodge_game.dcp
WARNING: [Vivado 12-1017] Problems encountered:
1. Failed to delete one or more files in run directory C:/Users/hatsu/final_10/final_10.runs/synth_1

launch_runs synth_1 -jobs 8
[Sun Jun 23 17:01:30 2024] Launched synth_1...
Run output will be captured here: C:/Users/hatsu/final_10/final_10.runs/synth_1/runme.log
launch_runs impl_1 -jobs 8
[Sun Jun 23 17:02:35 2024] Launched impl_1...
Run output will be captured here: C:/Users/hatsu/final_10/final_10.runs/impl_1/runme.log
launch_runs impl_1 -to_step write_bitstream -jobs 8
[Sun Jun 23 17:03:46 2024] Launched impl_1...
Run output will be captured here: C:/Users/hatsu/final_10/final_10.runs/impl_1/runme.log
set_property PROBES.FILE {} [get_hw_devices xc7z020_1]
set_property FULL_PROBES.FILE {} [get_hw_devices xc7z020_1]
set_property PROGRAM.FILE {C:/Users/hatsu/final_10/final_10.runs/impl_1/dodge_game.bit} [get_hw_devices xc7z020_1]
program_hw_devices [get_hw_devices xc7z020_1]
INFO: [Labtools 27-3164] End of startup status: HIGH
refresh_hw_device [lindex [get_hw_devices xc7z020_1] 0]
INFO: [Labtools 27-1434] Device xc7z020 (JTAG device index = 1) is programmed with a design that has no supported debug core(s) in it.
reset_run synth_1
INFO: [Project 1-1161] Replacing file C:/Users/hatsu/final_10/final_10.srcs/utils_1/imports/synth_1/final.dcp with file C:/Users/hatsu/final_10/final_10.runs/synth_1/dodge_game.dcp
WARNING: [Vivado 12-1017] Problems encountered:
1. Failed to delete one or more files in run directory C:/Users/hatsu/final_10/final_10.runs/synth_1

launch_runs synth_1 -jobs 8
[Sun Jun 23 17:10:01 2024] Launched synth_1...
Run output will be captured here: C:/Users/hatsu/final_10/final_10.runs/synth_1/runme.log
launch_runs impl_1 -jobs 8
[Sun Jun 23 17:10:51 2024] Launched impl_1...
Run output will be captured here: C:/Users/hatsu/final_10/final_10.runs/impl_1/runme.log
launch_runs impl_1 -to_step write_bitstream -jobs 8
[Sun Jun 23 17:12:02 2024] Launched impl_1...
Run output will be captured here: C:/Users/hatsu/final_10/final_10.runs/impl_1/runme.log
set_property PROBES.FILE {} [get_hw_devices xc7z020_1]
set_property FULL_PROBES.FILE {} [get_hw_devices xc7z020_1]
set_property PROGRAM.FILE {C:/Users/hatsu/final_10/final_10.runs/impl_1/dodge_game.bit} [get_hw_devices xc7z020_1]
program_hw_devices [get_hw_devices xc7z020_1]
INFO: [Labtools 27-3164] End of startup status: HIGH
refresh_hw_device [lindex [get_hw_devices xc7z020_1] 0]
INFO: [Labtools 27-1434] Device xc7z020 (JTAG device index = 1) is programmed with a design that has no supported debug core(s) in it.
reset_run synth_1
INFO: [Project 1-1161] Replacing file C:/Users/hatsu/final_10/final_10.srcs/utils_1/imports/synth_1/final.dcp with file C:/Users/hatsu/final_10/final_10.runs/synth_1/dodge_game.dcp
WARNING: [Vivado 12-1017] Problems encountered:
1. Failed to delete one or more files in run directory C:/Users/hatsu/final_10/final_10.runs/synth_1

launch_runs synth_1 -jobs 8
[Sun Jun 23 17:21:43 2024] Launched synth_1...
Run output will be captured here: C:/Users/hatsu/final_10/final_10.runs/synth_1/runme.log
launch_runs impl_1 -jobs 8
[Sun Jun 23 17:22:30 2024] Launched impl_1...
Run output will be captured here: C:/Users/hatsu/final_10/final_10.runs/impl_1/runme.log
launch_runs impl_1 -to_step write_bitstream -jobs 8
[Sun Jun 23 17:23:42 2024] Launched impl_1...
Run output will be captured here: C:/Users/hatsu/final_10/final_10.runs/impl_1/runme.log
set_property PROBES.FILE {} [get_hw_devices xc7z020_1]
set_property FULL_PROBES.FILE {} [get_hw_devices xc7z020_1]
set_property PROGRAM.FILE {C:/Users/hatsu/final_10/final_10.runs/impl_1/dodge_game.bit} [get_hw_devices xc7z020_1]
program_hw_devices [get_hw_devices xc7z020_1]
INFO: [Labtools 27-3164] End of startup status: HIGH
refresh_hw_device [lindex [get_hw_devices xc7z020_1] 0]
INFO: [Labtools 27-1434] Device xc7z020 (JTAG device index = 1) is programmed with a design that has no supported debug core(s) in it.
reset_run synth_1
INFO: [Project 1-1161] Replacing file C:/Users/hatsu/final_10/final_10.srcs/utils_1/imports/synth_1/final.dcp with file C:/Users/hatsu/final_10/final_10.runs/synth_1/dodge_game.dcp
WARNING: [Vivado 12-1017] Problems encountered:
1. Failed to delete one or more files in run directory C:/Users/hatsu/final_10/final_10.runs/synth_1

launch_runs synth_1 -jobs 8
[Sun Jun 23 17:25:19 2024] Launched synth_1...
Run output will be captured here: C:/Users/hatsu/final_10/final_10.runs/synth_1/runme.log
launch_runs impl_1 -jobs 8
[Sun Jun 23 17:26:32 2024] Launched impl_1...
Run output will be captured here: C:/Users/hatsu/final_10/final_10.runs/impl_1/runme.log
launch_runs impl_1 -to_step write_bitstream -jobs 8
[Sun Jun 23 17:30:08 2024] Launched impl_1...
Run output will be captured here: C:/Users/hatsu/final_10/final_10.runs/impl_1/runme.log
set_property PROBES.FILE {} [get_hw_devices xc7z020_1]
set_property FULL_PROBES.FILE {} [get_hw_devices xc7z020_1]
set_property PROGRAM.FILE {C:/Users/hatsu/final_10/final_10.runs/impl_1/dodge_game.bit} [get_hw_devices xc7z020_1]
program_hw_devices [get_hw_devices xc7z020_1]
INFO: [Labtools 27-3164] End of startup status: HIGH
refresh_hw_device [lindex [get_hw_devices xc7z020_1] 0]
INFO: [Labtools 27-1434] Device xc7z020 (JTAG device index = 1) is programmed with a design that has no supported debug core(s) in it.
reset_run synth_1
INFO: [Project 1-1161] Replacing file C:/Users/hatsu/final_10/final_10.srcs/utils_1/imports/synth_1/final.dcp with file C:/Users/hatsu/final_10/final_10.runs/synth_1/dodge_game.dcp
WARNING: [Vivado 12-1017] Problems encountered:
1. Failed to delete one or more files in run directory C:/Users/hatsu/final_10/final_10.runs/synth_1

launch_runs synth_1 -jobs 8
[Sun Jun 23 17:36:20 2024] Launched synth_1...
Run output will be captured here: C:/Users/hatsu/final_10/final_10.runs/synth_1/runme.log
launch_runs impl_1 -jobs 8
[Sun Jun 23 17:38:00 2024] Launched impl_1...
Run output will be captured here: C:/Users/hatsu/final_10/final_10.runs/impl_1/runme.log
launch_runs impl_1 -to_step write_bitstream -jobs 8
[Sun Jun 23 17:39:09 2024] Launched impl_1...
Run output will be captured here: C:/Users/hatsu/final_10/final_10.runs/impl_1/runme.log
set_property PROBES.FILE {} [get_hw_devices xc7z020_1]
set_property FULL_PROBES.FILE {} [get_hw_devices xc7z020_1]
set_property PROGRAM.FILE {C:/Users/hatsu/final_10/final_10.runs/impl_1/dodge_game.bit} [get_hw_devices xc7z020_1]
program_hw_devices [get_hw_devices xc7z020_1]
INFO: [Labtools 27-3164] End of startup status: HIGH
refresh_hw_device [lindex [get_hw_devices xc7z020_1] 0]
INFO: [Labtools 27-1434] Device xc7z020 (JTAG device index = 1) is programmed with a design that has no supported debug core(s) in it.
reset_run synth_1
INFO: [Project 1-1161] Replacing file C:/Users/hatsu/final_10/final_10.srcs/utils_1/imports/synth_1/final.dcp with file C:/Users/hatsu/final_10/final_10.runs/synth_1/dodge_game.dcp
WARNING: [Vivado 12-1017] Problems encountered:
1. Failed to delete one or more files in run directory C:/Users/hatsu/final_10/final_10.runs/synth_1

launch_runs synth_1 -jobs 8
[Sun Jun 23 17:41:45 2024] Launched synth_1...
Run output will be captured here: C:/Users/hatsu/final_10/final_10.runs/synth_1/runme.log
launch_runs impl_1 -jobs 8
[Sun Jun 23 17:42:31 2024] Launched impl_1...
Run output will be captured here: C:/Users/hatsu/final_10/final_10.runs/impl_1/runme.log
launch_runs impl_1 -to_step write_bitstream -jobs 8
[Sun Jun 23 17:43:38 2024] Launched impl_1...
Run output will be captured here: C:/Users/hatsu/final_10/final_10.runs/impl_1/runme.log
set_property PROBES.FILE {} [get_hw_devices xc7z020_1]
set_property FULL_PROBES.FILE {} [get_hw_devices xc7z020_1]
set_property PROGRAM.FILE {C:/Users/hatsu/final_10/final_10.runs/impl_1/dodge_game.bit} [get_hw_devices xc7z020_1]
program_hw_devices [get_hw_devices xc7z020_1]
INFO: [Labtools 27-3164] End of startup status: HIGH
refresh_hw_device [lindex [get_hw_devices xc7z020_1] 0]
INFO: [Labtools 27-1434] Device xc7z020 (JTAG device index = 1) is programmed with a design that has no supported debug core(s) in it.
reset_run synth_1
INFO: [Project 1-1161] Replacing file C:/Users/hatsu/final_10/final_10.srcs/utils_1/imports/synth_1/final.dcp with file C:/Users/hatsu/final_10/final_10.runs/synth_1/dodge_game.dcp
WARNING: [Vivado 12-1017] Problems encountered:
1. Failed to delete one or more files in run directory C:/Users/hatsu/final_10/final_10.runs/synth_1

launch_runs synth_1 -jobs 8
[Sun Jun 23 17:47:00 2024] Launched synth_1...
Run output will be captured here: C:/Users/hatsu/final_10/final_10.runs/synth_1/runme.log
launch_runs impl_1 -jobs 8
[Sun Jun 23 17:48:28 2024] Launched impl_1...
Run output will be captured here: C:/Users/hatsu/final_10/final_10.runs/impl_1/runme.log
launch_runs impl_1 -to_step write_bitstream -jobs 8
[Sun Jun 23 17:49:41 2024] Launched impl_1...
Run output will be captured here: C:/Users/hatsu/final_10/final_10.runs/impl_1/runme.log
set_property PROBES.FILE {} [get_hw_devices xc7z020_1]
set_property FULL_PROBES.FILE {} [get_hw_devices xc7z020_1]
set_property PROGRAM.FILE {C:/Users/hatsu/final_10/final_10.runs/impl_1/dodge_game.bit} [get_hw_devices xc7z020_1]
program_hw_devices [get_hw_devices xc7z020_1]
INFO: [Labtools 27-3164] End of startup status: HIGH
refresh_hw_device [lindex [get_hw_devices xc7z020_1] 0]
INFO: [Labtools 27-1434] Device xc7z020 (JTAG device index = 1) is programmed with a design that has no supported debug core(s) in it.
reset_run synth_1
INFO: [Project 1-1161] Replacing file C:/Users/hatsu/final_10/final_10.srcs/utils_1/imports/synth_1/final.dcp with file C:/Users/hatsu/final_10/final_10.runs/synth_1/dodge_game.dcp
WARNING: [Vivado 12-1017] Problems encountered:
1. Failed to delete one or more files in run directory C:/Users/hatsu/final_10/final_10.runs/synth_1

launch_runs synth_1 -jobs 8
[Sun Jun 23 17:53:59 2024] Launched synth_1...
Run output will be captured here: C:/Users/hatsu/final_10/final_10.runs/synth_1/runme.log
launch_runs impl_1 -jobs 8
[Sun Jun 23 17:54:48 2024] Launched impl_1...
Run output will be captured here: C:/Users/hatsu/final_10/final_10.runs/impl_1/runme.log
reset_run synth_1
INFO: [Project 1-1161] Replacing file C:/Users/hatsu/final_10/final_10.srcs/utils_1/imports/synth_1/final.dcp with file C:/Users/hatsu/final_10/final_10.runs/synth_1/dodge_game.dcp
WARNING: [Vivado 12-1017] Problems encountered:
1. Failed to delete one or more files in run directory C:/Users/hatsu/final_10/final_10.runs/synth_1

launch_runs synth_1 -jobs 8
[Sun Jun 23 17:55:42 2024] Launched synth_1...
Run output will be captured here: C:/Users/hatsu/final_10/final_10.runs/synth_1/runme.log
launch_runs impl_1 -jobs 8
[Sun Jun 23 17:57:30 2024] Launched impl_1...
Run output will be captured here: C:/Users/hatsu/final_10/final_10.runs/impl_1/runme.log
reset_run synth_1
INFO: [Project 1-1161] Replacing file C:/Users/hatsu/final_10/final_10.srcs/utils_1/imports/synth_1/final.dcp with file C:/Users/hatsu/final_10/final_10.runs/synth_1/dodge_game.dcp
WARNING: [Vivado 12-1017] Problems encountered:
1. Failed to delete one or more files in run directory C:/Users/hatsu/final_10/final_10.runs/synth_1

launch_runs synth_1 -jobs 8
[Sun Jun 23 17:59:43 2024] Launched synth_1...
Run output will be captured here: C:/Users/hatsu/final_10/final_10.runs/synth_1/runme.log
launch_runs impl_1 -jobs 8
[Sun Jun 23 18:00:55 2024] Launched impl_1...
Run output will be captured here: C:/Users/hatsu/final_10/final_10.runs/impl_1/runme.log
reset_run synth_1
INFO: [Project 1-1161] Replacing file C:/Users/hatsu/final_10/final_10.srcs/utils_1/imports/synth_1/final.dcp with file C:/Users/hatsu/final_10/final_10.runs/synth_1/dodge_game.dcp
WARNING: [Vivado 12-1017] Problems encountered:
1. Failed to delete one or more files in run directory C:/Users/hatsu/final_10/final_10.runs/synth_1

launch_runs synth_1 -jobs 8
[Sun Jun 23 18:02:20 2024] Launched synth_1...
Run output will be captured here: C:/Users/hatsu/final_10/final_10.runs/synth_1/runme.log
launch_runs impl_1 -jobs 8
[Sun Jun 23 18:03:41 2024] Launched impl_1...
Run output will be captured here: C:/Users/hatsu/final_10/final_10.runs/impl_1/runme.log
reset_run synth_1
INFO: [Project 1-1161] Replacing file C:/Users/hatsu/final_10/final_10.srcs/utils_1/imports/synth_1/final.dcp with file C:/Users/hatsu/final_10/final_10.runs/synth_1/dodge_game.dcp
WARNING: [Vivado 12-1017] Problems encountered:
1. Failed to delete one or more files in run directory C:/Users/hatsu/final_10/final_10.runs/synth_1

launch_runs synth_1 -jobs 8
[Sun Jun 23 18:04:26 2024] Launched synth_1...
Run output will be captured here: C:/Users/hatsu/final_10/final_10.runs/synth_1/runme.log
launch_runs impl_1 -jobs 8
[Sun Jun 23 18:05:10 2024] Launched impl_1...
Run output will be captured here: C:/Users/hatsu/final_10/final_10.runs/impl_1/runme.log
launch_runs impl_1 -to_step write_bitstream -jobs 8
[Sun Jun 23 18:06:20 2024] Launched impl_1...
Run output will be captured here: C:/Users/hatsu/final_10/final_10.runs/impl_1/runme.log
reset_run synth_1
INFO: [Project 1-1161] Replacing file C:/Users/hatsu/final_10/final_10.srcs/utils_1/imports/synth_1/final.dcp with file C:/Users/hatsu/final_10/final_10.runs/synth_1/dodge_game.dcp
WARNING: [Vivado 12-1017] Problems encountered:
1. Failed to delete one or more files in run directory C:/Users/hatsu/final_10/final_10.runs/synth_1

launch_runs synth_1 -jobs 8
[Sun Jun 23 18:07:18 2024] Launched synth_1...
Run output will be captured here: C:/Users/hatsu/final_10/final_10.runs/synth_1/runme.log
launch_runs impl_1 -jobs 8
[Sun Jun 23 18:08:07 2024] Launched impl_1...
Run output will be captured here: C:/Users/hatsu/final_10/final_10.runs/impl_1/runme.log
launch_runs impl_1 -to_step write_bitstream -jobs 8
[Sun Jun 23 18:09:18 2024] Launched impl_1...
Run output will be captured here: C:/Users/hatsu/final_10/final_10.runs/impl_1/runme.log
set_property PROBES.FILE {} [get_hw_devices xc7z020_1]
set_property FULL_PROBES.FILE {} [get_hw_devices xc7z020_1]
set_property PROGRAM.FILE {C:/Users/hatsu/final_10/final_10.runs/impl_1/dodge_game.bit} [get_hw_devices xc7z020_1]
program_hw_devices [get_hw_devices xc7z020_1]
INFO: [Labtools 27-3164] End of startup status: HIGH
refresh_hw_device [lindex [get_hw_devices xc7z020_1] 0]
INFO: [Labtools 27-1434] Device xc7z020 (JTAG device index = 1) is programmed with a design that has no supported debug core(s) in it.
reset_run synth_1
INFO: [Project 1-1161] Replacing file C:/Users/hatsu/final_10/final_10.srcs/utils_1/imports/synth_1/final.dcp with file C:/Users/hatsu/final_10/final_10.runs/synth_1/dodge_game.dcp
WARNING: [Vivado 12-1017] Problems encountered:
1. Failed to delete one or more files in run directory C:/Users/hatsu/final_10/final_10.runs/synth_1

launch_runs synth_1 -jobs 8
[Sun Jun 23 18:11:00 2024] Launched synth_1...
Run output will be captured here: C:/Users/hatsu/final_10/final_10.runs/synth_1/runme.log
ERROR: [Labtoolstcl 44-513] HW Target shutdown. Closing target: localhost:3121/xilinx_tcf/Xilinx/1234-tulA
reset_run synth_1
WARNING: [Vivado 12-1017] Problems encountered:
1. Failed to delete one or more files in run directory C:/Users/hatsu/final_10/final_10.runs/synth_1

launch_runs synth_1 -jobs 8
[Sun Jun 23 18:11:26 2024] Launched synth_1...
Run output will be captured here: C:/Users/hatsu/final_10/final_10.runs/synth_1/runme.log
INFO: [Labtoolstcl 44-466] Opening hw_target localhost:3121/xilinx_tcf/Xilinx/1234-tulA
WARNING: [Labtoolstcl 44-129] No matching hw_ila_data was found.
INFO: [Labtools 27-1435] Device xc7z020 (JTAG device index = 1) is not programmed (DONE status = 0).
WARNING: [Labtoolstcl 44-129] No matching hw_ila_data was found.
launch_runs impl_1 -jobs 8
[Sun Jun 23 18:12:15 2024] Launched impl_1...
Run output will be captured here: C:/Users/hatsu/final_10/final_10.runs/impl_1/runme.log
launch_runs impl_1 -to_step write_bitstream -jobs 8
[Sun Jun 23 18:13:22 2024] Launched impl_1...
Run output will be captured here: C:/Users/hatsu/final_10/final_10.runs/impl_1/runme.log
set_property PROBES.FILE {} [get_hw_devices xc7z020_1]
set_property FULL_PROBES.FILE {} [get_hw_devices xc7z020_1]
set_property PROGRAM.FILE {C:/Users/hatsu/final_10/final_10.runs/impl_1/dodge_game.bit} [get_hw_devices xc7z020_1]
program_hw_devices [get_hw_devices xc7z020_1]
INFO: [Labtools 27-3164] End of startup status: HIGH
refresh_hw_device [lindex [get_hw_devices xc7z020_1] 0]
INFO: [Labtools 27-1434] Device xc7z020 (JTAG device index = 1) is programmed with a design that has no supported debug core(s) in it.
reset_run synth_1
INFO: [Project 1-1161] Replacing file C:/Users/hatsu/final_10/final_10.srcs/utils_1/imports/synth_1/final.dcp with file C:/Users/hatsu/final_10/final_10.runs/synth_1/dodge_game.dcp
WARNING: [Vivado 12-1017] Problems encountered:
1. Failed to delete one or more files in run directory C:/Users/hatsu/final_10/final_10.runs/synth_1

launch_runs synth_1 -jobs 8
CRITICAL WARNING: [HDL 9-1206] Syntax error near 'reg' [C:/Users/hatsu/final_10/final_10.srcs/sources_1/new/final.v:28]
CRITICAL WARNING: [HDL 9-1206] Syntax error near '}' [C:/Users/hatsu/final_10/final_10.srcs/sources_1/new/final.v:34]
[Sun Jun 23 18:32:57 2024] Launched synth_1...
Run output will be captured here: C:/Users/hatsu/final_10/final_10.runs/synth_1/runme.log
reset_run synth_1
WARNING: [Vivado 12-1017] Problems encountered:
1. Failed to delete one or more files in run directory C:/Users/hatsu/final_10/final_10.runs/synth_1

launch_runs synth_1 -jobs 8
[Sun Jun 23 18:36:33 2024] Launched synth_1...
Run output will be captured here: C:/Users/hatsu/final_10/final_10.runs/synth_1/runme.log
launch_runs impl_1 -jobs 8
[Sun Jun 23 18:37:37 2024] Launched impl_1...
Run output will be captured here: C:/Users/hatsu/final_10/final_10.runs/impl_1/runme.log
launch_runs impl_1 -to_step write_bitstream -jobs 8
[Sun Jun 23 18:38:49 2024] Launched impl_1...
Run output will be captured here: C:/Users/hatsu/final_10/final_10.runs/impl_1/runme.log
set_property PROBES.FILE {} [get_hw_devices xc7z020_1]
set_property FULL_PROBES.FILE {} [get_hw_devices xc7z020_1]
set_property PROGRAM.FILE {C:/Users/hatsu/final_10/final_10.runs/impl_1/dodge_game.bit} [get_hw_devices xc7z020_1]
program_hw_devices [get_hw_devices xc7z020_1]
INFO: [Labtools 27-3164] End of startup status: HIGH
refresh_hw_device [lindex [get_hw_devices xc7z020_1] 0]
INFO: [Labtools 27-1434] Device xc7z020 (JTAG device index = 1) is programmed with a design that has no supported debug core(s) in it.
reset_run synth_1
INFO: [Project 1-1161] Replacing file C:/Users/hatsu/final_10/final_10.srcs/utils_1/imports/synth_1/final.dcp with file C:/Users/hatsu/final_10/final_10.runs/synth_1/dodge_game.dcp
WARNING: [Vivado 12-1017] Problems encountered:
1. Failed to delete one or more files in run directory C:/Users/hatsu/final_10/final_10.runs/synth_1

launch_runs synth_1 -jobs 8
[Sun Jun 23 18:52:05 2024] Launched synth_1...
Run output will be captured here: C:/Users/hatsu/final_10/final_10.runs/synth_1/runme.log
launch_runs impl_1 -jobs 8
[Sun Jun 23 18:52:51 2024] Launched impl_1...
Run output will be captured here: C:/Users/hatsu/final_10/final_10.runs/impl_1/runme.log
launch_runs impl_1 -to_step write_bitstream -jobs 8
[Sun Jun 23 18:54:01 2024] Launched impl_1...
Run output will be captured here: C:/Users/hatsu/final_10/final_10.runs/impl_1/runme.log
set_property PROBES.FILE {} [get_hw_devices xc7z020_1]
set_property FULL_PROBES.FILE {} [get_hw_devices xc7z020_1]
set_property PROGRAM.FILE {C:/Users/hatsu/final_10/final_10.runs/impl_1/dodge_game.bit} [get_hw_devices xc7z020_1]
program_hw_devices [get_hw_devices xc7z020_1]
INFO: [Labtools 27-3164] End of startup status: HIGH
refresh_hw_device [lindex [get_hw_devices xc7z020_1] 0]
INFO: [Labtools 27-1434] Device xc7z020 (JTAG device index = 1) is programmed with a design that has no supported debug core(s) in it.
reset_run synth_1
INFO: [Project 1-1161] Replacing file C:/Users/hatsu/final_10/final_10.srcs/utils_1/imports/synth_1/final.dcp with file C:/Users/hatsu/final_10/final_10.runs/synth_1/dodge_game.dcp
WARNING: [Vivado 12-1017] Problems encountered:
1. Failed to delete one or more files in run directory C:/Users/hatsu/final_10/final_10.runs/synth_1

launch_runs synth_1 -jobs 8
[Sun Jun 23 18:56:15 2024] Launched synth_1...
Run output will be captured here: C:/Users/hatsu/final_10/final_10.runs/synth_1/runme.log
launch_runs impl_1 -jobs 8
[Sun Jun 23 18:57:01 2024] Launched impl_1...
Run output will be captured here: C:/Users/hatsu/final_10/final_10.runs/impl_1/runme.log
launch_runs impl_1 -to_step write_bitstream -jobs 8
[Sun Jun 23 18:58:11 2024] Launched impl_1...
Run output will be captured here: C:/Users/hatsu/final_10/final_10.runs/impl_1/runme.log
set_property PROBES.FILE {} [get_hw_devices xc7z020_1]
set_property FULL_PROBES.FILE {} [get_hw_devices xc7z020_1]
set_property PROGRAM.FILE {C:/Users/hatsu/final_10/final_10.runs/impl_1/dodge_game.bit} [get_hw_devices xc7z020_1]
program_hw_devices [get_hw_devices xc7z020_1]
INFO: [Labtools 27-3164] End of startup status: HIGH
refresh_hw_device [lindex [get_hw_devices xc7z020_1] 0]
INFO: [Labtools 27-1434] Device xc7z020 (JTAG device index = 1) is programmed with a design that has no supported debug core(s) in it.
reset_run synth_1
INFO: [Project 1-1161] Replacing file C:/Users/hatsu/final_10/final_10.srcs/utils_1/imports/synth_1/final.dcp with file C:/Users/hatsu/final_10/final_10.runs/synth_1/dodge_game.dcp
WARNING: [Vivado 12-1017] Problems encountered:
1. Failed to delete one or more files in run directory C:/Users/hatsu/final_10/final_10.runs/synth_1

launch_runs synth_1 -jobs 8
[Sun Jun 23 19:01:47 2024] Launched synth_1...
Run output will be captured here: C:/Users/hatsu/final_10/final_10.runs/synth_1/runme.log
launch_runs impl_1 -jobs 8
[Sun Jun 23 19:02:42 2024] Launched impl_1...
Run output will be captured here: C:/Users/hatsu/final_10/final_10.runs/impl_1/runme.log
launch_runs impl_1 -to_step write_bitstream -jobs 8
[Sun Jun 23 19:03:48 2024] Launched impl_1...
Run output will be captured here: C:/Users/hatsu/final_10/final_10.runs/impl_1/runme.log
set_property PROBES.FILE {} [get_hw_devices xc7z020_1]
set_property FULL_PROBES.FILE {} [get_hw_devices xc7z020_1]
set_property PROGRAM.FILE {C:/Users/hatsu/final_10/final_10.runs/impl_1/dodge_game.bit} [get_hw_devices xc7z020_1]
program_hw_devices [get_hw_devices xc7z020_1]
INFO: [Labtools 27-3164] End of startup status: HIGH
refresh_hw_device [lindex [get_hw_devices xc7z020_1] 0]
INFO: [Labtools 27-1434] Device xc7z020 (JTAG device index = 1) is programmed with a design that has no supported debug core(s) in it.
set_property PROBES.FILE {} [get_hw_devices xc7z020_1]
set_property FULL_PROBES.FILE {} [get_hw_devices xc7z020_1]
set_property PROGRAM.FILE {C:/Users/hatsu/final_10/final_10.runs/impl_1/dodge_game.bit} [get_hw_devices xc7z020_1]
program_hw_devices [get_hw_devices xc7z020_1]
INFO: [Labtools 27-3164] End of startup status: HIGH
refresh_hw_device [lindex [get_hw_devices xc7z020_1] 0]
INFO: [Labtools 27-1434] Device xc7z020 (JTAG device index = 1) is programmed with a design that has no supported debug core(s) in it.
reset_run synth_1
INFO: [Project 1-1161] Replacing file C:/Users/hatsu/final_10/final_10.srcs/utils_1/imports/synth_1/final.dcp with file C:/Users/hatsu/final_10/final_10.runs/synth_1/dodge_game.dcp
WARNING: [Vivado 12-1017] Problems encountered:
1. Failed to delete one or more files in run directory C:/Users/hatsu/final_10/final_10.runs/synth_1

launch_runs synth_1 -jobs 8
[Sun Jun 23 19:11:57 2024] Launched synth_1...
Run output will be captured here: C:/Users/hatsu/final_10/final_10.runs/synth_1/runme.log
launch_runs impl_1 -jobs 8
[Sun Jun 23 19:12:43 2024] Launched impl_1...
Run output will be captured here: C:/Users/hatsu/final_10/final_10.runs/impl_1/runme.log
reset_run synth_1
INFO: [Project 1-1161] Replacing file C:/Users/hatsu/final_10/final_10.srcs/utils_1/imports/synth_1/final.dcp with file C:/Users/hatsu/final_10/final_10.runs/synth_1/dodge_game.dcp
WARNING: [Vivado 12-1017] Problems encountered:
1. Failed to delete one or more files in run directory C:/Users/hatsu/final_10/final_10.runs/synth_1

launch_runs synth_1 -jobs 8
[Sun Jun 23 19:15:00 2024] Launched synth_1...
Run output will be captured here: C:/Users/hatsu/final_10/final_10.runs/synth_1/runme.log
launch_runs impl_1 -jobs 8
[Sun Jun 23 19:15:47 2024] Launched impl_1...
Run output will be captured here: C:/Users/hatsu/final_10/final_10.runs/impl_1/runme.log
launch_runs impl_1 -to_step write_bitstream -jobs 8
[Sun Jun 23 19:16:56 2024] Launched impl_1...
Run output will be captured here: C:/Users/hatsu/final_10/final_10.runs/impl_1/runme.log
set_property PROBES.FILE {} [get_hw_devices xc7z020_1]
set_property FULL_PROBES.FILE {} [get_hw_devices xc7z020_1]
set_property PROGRAM.FILE {C:/Users/hatsu/final_10/final_10.runs/impl_1/dodge_game.bit} [get_hw_devices xc7z020_1]
program_hw_devices [get_hw_devices xc7z020_1]
INFO: [Labtools 27-3164] End of startup status: HIGH
refresh_hw_device [lindex [get_hw_devices xc7z020_1] 0]
INFO: [Labtools 27-1434] Device xc7z020 (JTAG device index = 1) is programmed with a design that has no supported debug core(s) in it.
ERROR: [Labtoolstcl 44-513] HW Target shutdown. Closing target: localhost:3121/xilinx_tcf/Xilinx/1234-tulA
INFO: [Labtoolstcl 44-466] Opening hw_target localhost:3121/xilinx_tcf/Xilinx/1234-tulA
WARNING: [Labtoolstcl 44-129] No matching hw_ila_data was found.
INFO: [Labtools 27-1435] Device xc7z020 (JTAG device index = 1) is not programmed (DONE status = 0).
WARNING: [Labtoolstcl 44-129] No matching hw_ila_data was found.
reset_run synth_1
INFO: [Project 1-1161] Replacing file C:/Users/hatsu/final_10/final_10.srcs/utils_1/imports/synth_1/final.dcp with file C:/Users/hatsu/final_10/final_10.runs/synth_1/dodge_game.dcp
WARNING: [Vivado 12-1017] Problems encountered:
1. Failed to delete one or more files in run directory C:/Users/hatsu/final_10/final_10.runs/synth_1

launch_runs synth_1 -jobs 8
[Sun Jun 23 19:24:35 2024] Launched synth_1...
Run output will be captured here: C:/Users/hatsu/final_10/final_10.runs/synth_1/runme.log
launch_runs impl_1 -jobs 8
[Sun Jun 23 19:25:21 2024] Launched impl_1...
Run output will be captured here: C:/Users/hatsu/final_10/final_10.runs/impl_1/runme.log
launch_runs impl_1 -to_step write_bitstream -jobs 8
[Sun Jun 23 19:26:40 2024] Launched impl_1...
Run output will be captured here: C:/Users/hatsu/final_10/final_10.runs/impl_1/runme.log
set_property PROBES.FILE {} [get_hw_devices xc7z020_1]
set_property FULL_PROBES.FILE {} [get_hw_devices xc7z020_1]
set_property PROGRAM.FILE {C:/Users/hatsu/final_10/final_10.runs/impl_1/dodge_game.bit} [get_hw_devices xc7z020_1]
program_hw_devices [get_hw_devices xc7z020_1]
INFO: [Labtools 27-3164] End of startup status: HIGH
refresh_hw_device [lindex [get_hw_devices xc7z020_1] 0]
INFO: [Labtools 27-1434] Device xc7z020 (JTAG device index = 1) is programmed with a design that has no supported debug core(s) in it.
ERROR: [Labtoolstcl 44-513] HW Target shutdown. Closing target: localhost:3121/xilinx_tcf/Xilinx/1234-tulA
INFO: [Labtoolstcl 44-466] Opening hw_target localhost:3121/xilinx_tcf/Xilinx/1234-tulA
WARNING: [Labtoolstcl 44-129] No matching hw_ila_data was found.
INFO: [Labtools 27-1435] Device xc7z020 (JTAG device index = 1) is not programmed (DONE status = 0).
WARNING: [Labtoolstcl 44-129] No matching hw_ila_data was found.
reset_run synth_1
INFO: [Project 1-1161] Replacing file C:/Users/hatsu/final_10/final_10.srcs/utils_1/imports/synth_1/final.dcp with file C:/Users/hatsu/final_10/final_10.runs/synth_1/dodge_game.dcp
WARNING: [Vivado 12-1017] Problems encountered:
1. Failed to delete one or more files in run directory C:/Users/hatsu/final_10/final_10.runs/synth_1

launch_runs synth_1 -jobs 8
[Sun Jun 23 19:29:03 2024] Launched synth_1...
Run output will be captured here: C:/Users/hatsu/final_10/final_10.runs/synth_1/runme.log
launch_runs impl_1 -jobs 8
[Sun Jun 23 19:29:48 2024] Launched impl_1...
Run output will be captured here: C:/Users/hatsu/final_10/final_10.runs/impl_1/runme.log
launch_runs impl_1 -to_step write_bitstream -jobs 8
[Sun Jun 23 19:31:05 2024] Launched impl_1...
Run output will be captured here: C:/Users/hatsu/final_10/final_10.runs/impl_1/runme.log
set_property PROBES.FILE {} [get_hw_devices xc7z020_1]
set_property FULL_PROBES.FILE {} [get_hw_devices xc7z020_1]
set_property PROGRAM.FILE {C:/Users/hatsu/final_10/final_10.runs/impl_1/dodge_game.bit} [get_hw_devices xc7z020_1]
program_hw_devices [get_hw_devices xc7z020_1]
INFO: [Labtools 27-3164] End of startup status: HIGH
refresh_hw_device [lindex [get_hw_devices xc7z020_1] 0]
INFO: [Labtools 27-1434] Device xc7z020 (JTAG device index = 1) is programmed with a design that has no supported debug core(s) in it.
ERROR: [Labtoolstcl 44-513] HW Target shutdown. Closing target: localhost:3121/xilinx_tcf/Xilinx/1234-tulA
INFO: [Labtoolstcl 44-466] Opening hw_target localhost:3121/xilinx_tcf/Xilinx/1234-tulA
WARNING: [Labtoolstcl 44-129] No matching hw_ila_data was found.
INFO: [Labtools 27-1435] Device xc7z020 (JTAG device index = 1) is not programmed (DONE status = 0).
WARNING: [Labtoolstcl 44-129] No matching hw_ila_data was found.
exit
INFO: [Common 17-206] Exiting Vivado at Sun Jun 23 19:38:08 2024...
